10047046  1 # AK 2026-01-14 n  41  93 001  Fosterjr 1971
10225009  1 # AK 2026-01-14 n  41  93 001  Green 1973
10225010  1 # AK 2026-01-14 n  41  93 001  Green 1973
10325002  1 # AK 2026-01-14 n  41  93 001  Smith 1973
10047046  1 # AK 2026-01-14 n  41  93 001  Fosterjr 1971
10225009  1 # AK 2026-01-14 n  41  93 001  Green 1973
10225010  1 # AK 2026-01-14 n  41  93 001  Green 1973
10325002  1 # AK 2026-01-14 n  41  93 001  Smith 1973
11497018  1 # AK 2026-01-14 n  41  93 001  Carlson 1967
11617030  1 # AK 2026-01-14 n  41  93 001  Kent 1962
11712009  1 # AK 2026-01-14 n  41  93 001  Miller 1952
11781006  1 # AK 2026-01-14 n  41  93 001  Seth 1965
11904002  1 # AK 2026-01-14 n  41  93 001  Jain 1965
12797002  1 # AK 2026-01-14 n  41  93 001  Smith 1982
12853017  1 # AK 2026-01-14 n  41  93 001  Poenitz 1983
12853018  1 # AK 2026-01-14 n  41  93 001  Poenitz 1983
12853019  1 # AK 2026-01-14 n  41  93 001  Poenitz 1983
13569013  1 # AK 2026-01-14 n  41  93 001  Finlay 1993
20169004  1 # AK 2026-01-14 n  41  93 001  Manero 1968
21088002  1 # AK 2026-01-14 n  41  93 001  Uttley 1966
22007006  1 # AK 2026-01-14 n  41  93 001  Aizawa 1985
31781002  1 # AK 2026-01-14 n  41  93 001  TranTuanAnhhh 2018
40082016  1 # AK 2026-01-14 n  41  93 001  Filippov 1968
40883004  1 # AK 2026-01-14 n  41  93 001  Filippov 1983
40883006  1 # AK 2026-01-14 n  41  93 001  Filippov 1983
41311007  1 # AK 2026-01-14 n  41  93 001  Gorlov 1967
41426004  1 # AK 2026-01-14 n  41  93 001  Grigoriev 2002
41426010  1 # AK 2026-01-14 n  41  93 001  Grigoriev 2002
10332094  1 # AK 2026-01-14 n  41  93 002  Cox 1972
10332094  1 # AK 2026-01-14 n  41  93 002  Cox 1972
11637029  1 # AK 2026-01-14 n  41  93 002  Walt 1954
11854006  1 # AK 2026-01-14 n  41  93 002  Reitmann 1963
20162008  1 # AK 2026-01-14 n  41  93 002  Holmqvist 1971
20346005  1 # AK 2026-01-14 n  41  93 002  Etemad 1973
32001026  1 # AK 2026-01-14 n  41  93 002  Schmidt 1987
40179023  1 # AK 2026-01-14 n  41  93 002  Korzh 1972
40221018  1 # AK 2026-01-14 n  41  93 002  Gorlov 1965
40706012  1 # AK 2026-01-14 n  41  93 002  Kazakova 1965
40940004  1 # AK 2026-01-14 n  41  93 002  Popov 1986
40647003  1 # AK 2026-01-14 n  41  93 003  Abramov 1962
10438002  1 # AK 2026-01-14 n  41  93 102  Poenitz 1974
10537002  1 # AK 2026-01-14 n  41  93 102  Macklin 1976
10537003  1 # AK 2026-01-14 n  41  93 102  Macklin 1976
10537004  1 # AK 2026-01-14 n  41  93 102  Macklin 1976
10537005  1 # AK 2026-01-14 n  41  93 102  Macklin 1976
10438002  1 # AK 2026-01-14 n  41  93 102  Poenitz 1974
10537002  1 # AK 2026-01-14 n  41  93 102  Macklin 1976
10537003  1 # AK 2026-01-14 n  41  93 102  Macklin 1976
10537004  1 # AK 2026-01-14 n  41  93 102  Macklin 1976
10537005  1 # AK 2026-01-14 n  41  93 102  Macklin 1976
11329023  1 # AK 2026-01-14 n  41  93 102  Gibbons 1961
11616012  1 # AK 2026-01-14 n  41  93 102  Diven 1960
11679008  1 # AK 2026-01-14 n  41  93 102  Macklin 1967
12670012  1 # AK 2026-01-14 n  41  93 102  Poenitz 1975
20358002  1 # AK 2026-01-14 n  41  93 102  Kompe 1969
22006007  1 # AK 2026-01-14 n  41  93 102  Voignier 1992
22195002  1 # AK 2026-01-14 n  41  93 102  Wisshak 1990
309980042 1 # AK 2026-01-14 n  41  93 102  XiaYijunn 1988
32535002  1 # AK 2026-01-14 n  41  93 102  YunshanMuu 1991
40452003  1 # AK 2026-01-14 n  41  93 102  Stavisskii 1960
40641002  1 # AK 2026-01-14 n  41  93 102  Stavisskij 1961
01041093  1 # AK 2026-01-14 n  41  93 102  Kadonis 2024
11495025  1 # AK 2026-01-14 n  41  93 004  Thomson 1963
20454005  0 # AK 2026-01-14 n  41  93 004  Coles 1971
40275007  1 # AK 2026-01-14 n  41  93 004  Biryukov 1974
40623002  1 # AK 2026-01-14 n  41  93 004  Simakov 1983
40662005  1 # AK 2026-01-14 n  41  93 004  Glazkov 1963
40680028  1 # AK 2026-01-14 n  41  93 004  Glazkov 1963
41155012  1 # AK 2026-01-14 n  41  93 004  Simakov 1992
41186019  1 # AK 2026-01-14 n  41  93 004  Lashuk 1994
13556002  1 # AK 2026-01-14 n  41  93 004m Wagner 1993
20436002  0 # AK 2026-01-14 n  41  93 004m Hegedues 1971
21633002  1 # AK 2026-01-14 n  41  93 004m Taylor 1980
22085002  1 # AK 2026-01-14 n  41  93 004m Gayther 1988
22107002  1 # AK 2026-01-14 n  41  93 004m Wagner 1988
30925002  1 # AK 2026-01-14 n  41  93 004m Wagner 1988
20416079  1 # AK 2026-01-14 n  41  93 016  Frehaut 2016
11504010  1 # AK 2026-01-14 n  41  93 016m Tewes 1960
13195002  1 # AK 2026-01-14 n  41  93 016m Santry 1990
13513003  1 # AK 2026-01-14 n  41  93 016m Smith 1991
22095004  1 # AK 2026-01-14 n  41  93 016m Mannan 1988
22209014  1 # AK 2026-01-14 n  41  93 016m Ikeda 1991
22976031  1 # AK 2026-01-14 n  41  93 016m Mannhart 2007
30814003  1 # AK 2026-01-14 n  41  93 016m Daroczy 1983
11462013  0 # AK 2026-01-14 n  41  93 107  Bayhurst 1961
11504009  0 # AK 2026-01-14 n  41  93 107  Tewes 1960
22095003  1 # AK 2026-01-14 n  41  93 107  Mannan 1988
22095002  1 # AK 2026-01-14 n  41  93 107m Mannan 1988
22837017  1 # AK 2026-01-14 n  41  93 107m Shimizu 2004
23032015  1 # AK 2026-01-14 n  41  93 107m Furuta 2008
30733010  1 # AK 2026-01-14 n  41  93 107m FanPeiguoo 1985
