10639005  1 # AK 2026-01-01 n  50 120 001  Carlton 1976
10639006  1 # AK 2026-01-01 n  50 120 001  Carlton 1976
10817003  1 # AK 2026-01-01 n  50 120 001  Rapaport 1980
10639005  1 # AK 2026-01-01 n  50 120 001  Carlton 1976
10639006  1 # AK 2026-01-01 n  50 120 001  Carlton 1976
10817003  1 # AK 2026-01-01 n  50 120 001  Rapaport 1980
12791004  1 # AK 2026-01-01 n  50 120 001  Harper 1982
22377007  1 # AK 2026-01-01 n  50 120 001  Wisshak 1996
40813023  1 # AK 2026-01-01 n  50 120 001  Dukarevich 1967
40960030  1 # AK 2026-01-01 n  50 120 001  Timokhov 1988
41005029  1 # AK 2026-01-01 n  50 120 001  Musaelyan 1989
13158011  1 # AK 2026-01-01 n  50 120 002  Guss 1989
40937040  1 # AK 2026-01-01 n  50 120 002  ZoInOkkk 1985
11981006  0 # AK 2026-01-01 n  50 120 102  Macklin 1962
22377021  1 # AK 2026-01-01 n  50 120 102  Wisshak 1996
22387007  0 # AK 2026-01-01 n  50 120 102  Wisshak 1996
40960009  1 # AK 2026-01-01 n  50 120 102  Timokhov 1988
01050120  1 # AK 2026-01-01 n  50 120 102  Kadonis 2024
30077010  0 # AK 2026-01-01 n  50 120 102g Hasan 1968
30202005  1 # AK 2026-01-01 n  50 120 016  Lulic 1968
41614135  1 # AK 2026-01-01 n  50 120 016m Filatenkov 2016
20540012  1 # AK 2026-01-01 n  50 120 103  Struwe 1974
33034011  0 # AK 2026-01-01 n  50 120 103  Lalremruata 2012
20540013  1 # AK 2026-01-01 n  50 120 103g Struwe 1974
20540014  1 # AK 2026-01-01 n  50 120 103g Struwe 1974
11957003  1 # AK 2026-01-01 n  50 120 103m Poularikas 1960
22433028  1 # AK 2026-01-01 n  50 120 103m Kasugai 1998
40798005  1 # AK 2026-01-01 n  50 120 103m Chursin 1963
41032029  0 # AK 2026-01-01 n  50 120 103m Gopych 1987
22433029  1 # AK 2026-01-01 n  50 120 103n Kasugai 1998
41032006  1 # AK 2026-01-01 n  50 120 103n Gopych 1987
22325011  1 # AK 2026-01-01 n  50 120 028g Kasugai 1994
22827013  1 # AK 2026-01-01 n  50 120 028g Sakane 2003
41032034  1 # AK 2026-01-01 n  50 120 028g Gopych 1987
22827012  1 # AK 2026-01-01 n  50 120 028m Sakane 2003
13030002  1 # AK 2026-01-01 n  50 120 107  YUWENYUUU 1966
41614134  1 # AK 2026-01-01 n  50 120 107  Filatenkov 2016
22089096  1 # AK 2026-01-01 n  50 120 107g Ikeda 1988
31412002  0 # AK 2026-01-01 n  50 120 107g Dighe 1991
31496024  1 # AK 2026-01-01 n  50 120 107g Grallert 1993
31551016  1 # AK 2026-01-01 n  50 120 107g Betak 2005
32692003  1 # AK 2026-01-01 n  50 120 107g ZhongshengPuu 2011
410320311 1 # AK 2026-01-01 n  50 120 107g Gopych 1987
41614133  1 # AK 2026-01-01 n  50 120 107g Filatenkov 2016
22089095  1 # AK 2026-01-01 n  50 120 107m Ikeda 1988
31496023  1 # AK 2026-01-01 n  50 120 107m Grallert 1993
31551015  1 # AK 2026-01-01 n  50 120 107m Betak 2005
32692004  1 # AK 2026-01-01 n  50 120 107m ZhongshengPuu 2011
410320312 1 # AK 2026-01-01 n  50 120 107m Gopych 1987
41614132  1 # AK 2026-01-01 n  50 120 107m Filatenkov 2016
13158012  1 # AK 2026-01-01 n  50 120 051  Guss 1989
40214007  1 # AK 2026-01-01 n  50 120 051  Konobeevskiy 1973
