10047046  1 # AK 2026-01-18 n  41  93 001  Fosterjr 1971
10225009  1 # AK 2026-01-18 n  41  93 001  Green 1973
10225010  1 # AK 2026-01-18 n  41  93 001  Green 1973
10325002  1 # AK 2026-01-18 n  41  93 001  Smith 1973
10047046  1 # AK 2026-01-18 n  41  93 001  Fosterjr 1971
10225009  1 # AK 2026-01-18 n  41  93 001  Green 1973
10225010  1 # AK 2026-01-18 n  41  93 001  Green 1973
10325002  1 # AK 2026-01-18 n  41  93 001  Smith 1973
11497018  1 # AK 2026-01-18 n  41  93 001  Carlson 1967
11617030  1 # AK 2026-01-18 n  41  93 001  Kent 1962
11712009  1 # AK 2026-01-18 n  41  93 001  Miller 1952
11781006  1 # AK 2026-01-18 n  41  93 001  Seth 1965
11904002  1 # AK 2026-01-18 n  41  93 001  Jain 1965
12797002  1 # AK 2026-01-18 n  41  93 001  Smith 1982
12853017  1 # AK 2026-01-18 n  41  93 001  Poenitz 1983
12853018  1 # AK 2026-01-18 n  41  93 001  Poenitz 1983
12853019  1 # AK 2026-01-18 n  41  93 001  Poenitz 1983
13569013  1 # AK 2026-01-18 n  41  93 001  Finlay 1993
20169004  1 # AK 2026-01-18 n  41  93 001  Manero 1968
21088002  1 # AK 2026-01-18 n  41  93 001  Uttley 1966
22007006  1 # AK 2026-01-18 n  41  93 001  Aizawa 1985
31781002  1 # AK 2026-01-18 n  41  93 001  TranTuanAnhhh 2018
40082016  1 # AK 2026-01-18 n  41  93 001  Filippov 1968
40883004  1 # AK 2026-01-18 n  41  93 001  Filippov 1983
40883006  1 # AK 2026-01-18 n  41  93 001  Filippov 1983
41311007  1 # AK 2026-01-18 n  41  93 001  Gorlov 1967
41426004  1 # AK 2026-01-18 n  41  93 001  Grigoriev 2002
41426010  1 # AK 2026-01-18 n  41  93 001  Grigoriev 2002
